<?xml version="1.0" encoding="utf-8"?><testsuites name="pytest tests"><testsuite name="pytest" errors="0" failures="0" skipped="0" tests="25" time="9.748" timestamp="2026-06-19T22:48:09.740341+00:00" hostname="agent-env-0133acbf-6542-483a-b3ba-9e0bffb36cde"><testcase classname="backend.tests.backend_test.TestPublic" name="test_root" time="0.523" /><testcase classname="backend.tests.backend_test.TestPublic" name="test_plans" time="0.042" /><testcase classname="backend.tests.backend_test.TestPublic" name="test_brokers" time="0.044" /><testcase classname="backend.tests.backend_test.TestAuth" name="test_register_and_duplicate" time="0.524" /><testcase classname="backend.tests.backend_test.TestAuth" name="test_login_admin" time="0.405" /><testcase classname="backend.tests.backend_test.TestAuth" name="test_login_wrong_password" time="0.350" /><testcase classname="backend.tests.backend_test.TestAuth" name="test_me_requires_token" time="0.043" /><testcase classname="backend.tests.backend_test.TestAuth" name="test_me_with_token" time="0.051" /><testcase classname="backend.tests.backend_test.TestAuth" name="test_google_auth_creates_user" time="0.103" /><testcase classname="backend.tests.backend_test.TestKeywords" name="test_add_list_delete" time="0.215" /><testcase classname="backend.tests.backend_test.TestKeywords" name="test_basic_keyword_limit" time="0.630" /><testcase classname="backend.tests.backend_test.TestScanFindings" name="test_scan_run_and_findings" time="3.638" /><testcase classname="backend.tests.backend_test.TestScanFindings" name="test_removal_request" time="0.246" /><testcase classname="backend.tests.backend_test.TestScanFindings" name="test_reputation" time="0.043" /><testcase classname="backend.tests.backend_test.TestSubscribe" name="test_subscribe_interac" time="0.415" /><testcase classname="backend.tests.backend_test.TestSubscribe" name="test_subscribe_crypto_no_tx" time="0.051" /><testcase classname="backend.tests.backend_test.TestSubscribe" name="test_subscribe_crypto_invalid_tx" time="1.121" /><testcase classname="backend.tests.backend_test.TestSubscribe" name="test_subscribe_paypal_unavailable" time="0.046" /><testcase classname="backend.tests.backend_test.TestSubscribe" name="test_list_payments" time="0.045" /><testcase classname="backend.tests.backend_test.TestAdmin" name="test_admin_stats" time="0.320" /><testcase classname="backend.tests.backend_test.TestAdmin" name="test_admin_users" time="0.043" /><testcase classname="backend.tests.backend_test.TestAdmin" name="test_admin_payments" time="0.047" /><testcase classname="backend.tests.backend_test.TestAdmin" name="test_admin_email_log" time="0.048" /><testcase classname="backend.tests.backend_test.TestAdmin" name="test_non_admin_forbidden" time="0.215" /><testcase classname="backend.tests.backend_test.TestAdmin" name="test_admin_confirm_and_reject" time="0.139" /></testsuite></testsuites>